Build started 2013/9/8 2:15:20.
     1>Project "E:\XProject\LiveWallPaper\project\LiveWallPaper\LiveWallPaper.vcxproj" on node 2 (Build target(s)).
     1>ClCompile:
         D:\Program Files (x86)\Microsoft Visual Studio 11.0\VC\bin\CL.exe /c /ZI /nologo /W3 /WX- /sdl /Od /Oy- /D WIN32 /D _DEBUG /D _CONSOLE /D KTX_OPENGL_ES2 /D _CRT_SECURE_NO_WARNINGS /D _UNICODE /D UNICODE /Gm /EHsc /RTC1 /MDd /GS /fp:precise /Zc:wchar_t /Zc:forScope /Fo"Debug_OpenGL\\" /Fd"Debug_OpenGL\vc110.pdb" /Gd /TP /analyze- /errorReport:prompt ..\..\source\base\string_hash.cpp ..\..\source\livewallpaper\Renderer.cpp ..\..\source\livewallpaper\SrcShader.cpp ..\..\source\livewallpaper\livewallpaper.cpp ..\..\source\livewallpaper\water.cpp
         water.cpp
         livewallpaper.cpp
         SrcShader.cpp
         Renderer.cpp
         string_hash.cpp
         Generating Code...
       Link:
         D:\Program Files (x86)\Microsoft Visual Studio 11.0\VC\bin\link.exe /ERRORREPORT:PROMPT /OUT:"E:\XProject\LiveWallPaper\project\LiveWallPaper\Debug_OpenGL\LiveWallPaper.exe" /INCREMENTAL /NOLOGO libEGL.lib libGLESv2.lib pthreadVCE2.lib kernel32.lib user32.lib gdi32.lib winspool.lib comdlg32.lib advapi32.lib shell32.lib ole32.lib oleaut32.lib uuid.lib odbc32.lib odbccp32.lib /MANIFEST /MANIFESTUAC:"level='asInvoker' uiAccess='false'" /manifest:embed /DEBUG /PDB:"E:\XProject\LiveWallPaper\project\LiveWallPaper\Debug_OpenGL\LiveWallPaper.pdb" /SUBSYSTEM:CONSOLE /TLBID:1 /DYNAMICBASE /NXCOMPAT /IMPLIB:"E:\XProject\LiveWallPaper\project\LiveWallPaper\Debug_OpenGL\LiveWallPaper.lib" /MACHINE:X86 Debug_OpenGL\string_hash.obj
         Debug_OpenGL\checkheader.obj
         Debug_OpenGL\etcdec.obj
         Debug_OpenGL\etcunpack.obj
         Debug_OpenGL\hashtable.obj
         Debug_OpenGL\loader.obj
         Debug_OpenGL\swap.obj
         Debug_OpenGL\writer.obj
         Debug_OpenGL\aabb.obj
         Debug_OpenGL\mat4stack.obj
         Debug_OpenGL\matrix.obj
         Debug_OpenGL\mat3.obj
         Debug_OpenGL\mat4.obj
         Debug_OpenGL\plane.obj
         Debug_OpenGL\quaternion.obj
         Debug_OpenGL\ray2.obj
         Debug_OpenGL\ray3.obj
         Debug_OpenGL\utility.obj
         Debug_OpenGL\vec2.obj
         Debug_OpenGL\vec3.obj
         Debug_OpenGL\vec4.obj
         Debug_OpenGL\esutils.obj
         Debug_OpenGL\EVertexAttribute.obj
         Debug_OpenGL\framebuffer.obj
         Debug_OpenGL\livewallpaper.obj
         Debug_OpenGL\Mesh.obj
         Debug_OpenGL\ProcessBufferHeap.obj
         Debug_OpenGL\Renderer.obj
         Debug_OpenGL\ScopedProcessArray.obj
         Debug_OpenGL\shader.obj
         Debug_OpenGL\ShaderParamterDef.obj
         Debug_OpenGL\SrcShader.obj
         Debug_OpenGL\texture2d.obj
         Debug_OpenGL\water.obj
         Debug_OpenGL\application.obj
         Debug_OpenGL\main.obj
         LiveWallPaper.vcxproj -> E:\XProject\LiveWallPaper\project\LiveWallPaper\Debug_OpenGL\LiveWallPaper.exe
     1>Done Building Project "E:\XProject\LiveWallPaper\project\LiveWallPaper\LiveWallPaper.vcxproj" (Build target(s)).

Build succeeded.

Time Elapsed 00:00:05.08
