E:\XPROJECT\LIVEWALLPAPER\PROJECT\LIVEWALLPAPER\DEBUG_OPENGL\CHECKHEADER.OBJ
E:\XPROJECT\LIVEWALLPAPER\PROJECT\LIVEWALLPAPER\DEBUG_OPENGL\ETCDEC.OBJ
E:\XPROJECT\LIVEWALLPAPER\PROJECT\LIVEWALLPAPER\DEBUG_OPENGL\ETCUNPACK.OBJ
E:\XPROJECT\LIVEWALLPAPER\PROJECT\LIVEWALLPAPER\DEBUG_OPENGL\HASHTABLE.OBJ
E:\XPROJECT\LIVEWALLPAPER\PROJECT\LIVEWALLPAPER\DEBUG_OPENGL\LOADER.OBJ
E:\XPROJECT\LIVEWALLPAPER\PROJECT\LIVEWALLPAPER\DEBUG_OPENGL\SWAP.OBJ
E:\XPROJECT\LIVEWALLPAPER\PROJECT\LIVEWALLPAPER\DEBUG_OPENGL\WRITER.OBJ
E:\XPROJECT\LIVEWALLPAPER\PROJECT\LIVEWALLPAPER\DEBUG_OPENGL\VC110.PDB
E:\XPROJECT\LIVEWALLPAPER\PROJECT\LIVEWALLPAPER\DEBUG_OPENGL\ESUTILS.OBJ
E:\XPROJECT\LIVEWALLPAPER\PROJECT\LIVEWALLPAPER\DEBUG_OPENGL\FRAMEBUFFER.OBJ
E:\XPROJECT\LIVEWALLPAPER\PROJECT\LIVEWALLPAPER\DEBUG_OPENGL\LIVEWALLPAPER.OBJ
E:\XPROJECT\LIVEWALLPAPER\PROJECT\LIVEWALLPAPER\DEBUG_OPENGL\TEXTURE2D.OBJ
E:\XPROJECT\LIVEWALLPAPER\PROJECT\LIVEWALLPAPER\DEBUG_OPENGL\WATER.OBJ
E:\XPROJECT\LIVEWALLPAPER\PROJECT\LIVEWALLPAPER\DEBUG_OPENGL\APPLICATION.OBJ
E:\XPROJECT\LIVEWALLPAPER\PROJECT\LIVEWALLPAPER\DEBUG_OPENGL\MAIN.OBJ
E:\XPROJECT\LIVEWALLPAPER\PROJECT\LIVEWALLPAPER\DEBUG_OPENGL\SHADER.OBJ
E:\XPROJECT\LIVEWALLPAPER\PROJECT\LIVEWALLPAPER\DEBUG_OPENGL\PROCESSBUFFERHEAP.OBJ
E:\XPROJECT\LIVEWALLPAPER\PROJECT\LIVEWALLPAPER\DEBUG_OPENGL\SCOPEDPROCESSARRAY.OBJ
E:\XPROJECT\LIVEWALLPAPER\PROJECT\LIVEWALLPAPER\DEBUG_OPENGL\SHADERPARAMTERDEF.OBJ
E:\XPROJECT\LIVEWALLPAPER\PROJECT\LIVEWALLPAPER\DEBUG_OPENGL\NEON_MATRIX_IMPL.OBJ
E:\XPROJECT\LIVEWALLPAPER\PROJECT\LIVEWALLPAPER\DEBUG_OPENGL\AABB.OBJ
E:\XPROJECT\LIVEWALLPAPER\PROJECT\LIVEWALLPAPER\DEBUG_OPENGL\MAT4STACK.OBJ
E:\XPROJECT\LIVEWALLPAPER\PROJECT\LIVEWALLPAPER\DEBUG_OPENGL\MAT3.OBJ
E:\XPROJECT\LIVEWALLPAPER\PROJECT\LIVEWALLPAPER\DEBUG_OPENGL\MAT4.OBJ
E:\XPROJECT\LIVEWALLPAPER\PROJECT\LIVEWALLPAPER\DEBUG_OPENGL\PLANE.OBJ
E:\XPROJECT\LIVEWALLPAPER\PROJECT\LIVEWALLPAPER\DEBUG_OPENGL\QUATERNION.OBJ
E:\XPROJECT\LIVEWALLPAPER\PROJECT\LIVEWALLPAPER\DEBUG_OPENGL\RAY2.OBJ
E:\XPROJECT\LIVEWALLPAPER\PROJECT\LIVEWALLPAPER\DEBUG_OPENGL\RAY3.OBJ
E:\XPROJECT\LIVEWALLPAPER\PROJECT\LIVEWALLPAPER\DEBUG_OPENGL\UTILITY.OBJ
E:\XPROJECT\LIVEWALLPAPER\PROJECT\LIVEWALLPAPER\DEBUG_OPENGL\VEC2.OBJ
E:\XPROJECT\LIVEWALLPAPER\PROJECT\LIVEWALLPAPER\DEBUG_OPENGL\VEC3.OBJ
E:\XPROJECT\LIVEWALLPAPER\PROJECT\LIVEWALLPAPER\DEBUG_OPENGL\VEC4.OBJ
E:\XPROJECT\LIVEWALLPAPER\PROJECT\LIVEWALLPAPER\DEBUG_OPENGL\MATRIX.OBJ
E:\XProject\LiveWallPaper\project\LiveWallPaper\Debug_OpenGL\aabb.obj
E:\XProject\LiveWallPaper\project\LiveWallPaper\Debug_OpenGL\application.obj
E:\XProject\LiveWallPaper\project\LiveWallPaper\Debug_OpenGL\checkheader.obj
E:\XProject\LiveWallPaper\project\LiveWallPaper\Debug_OpenGL\esutils.obj
E:\XProject\LiveWallPaper\project\LiveWallPaper\Debug_OpenGL\etcdec.obj
E:\XProject\LiveWallPaper\project\LiveWallPaper\Debug_OpenGL\etcunpack.obj
E:\XProject\LiveWallPaper\project\LiveWallPaper\Debug_OpenGL\framebuffer.obj
E:\XProject\LiveWallPaper\project\LiveWallPaper\Debug_OpenGL\hashtable.obj
E:\XProject\LiveWallPaper\project\LiveWallPaper\Debug_OpenGL\livewallpaper.obj
E:\XProject\LiveWallPaper\project\LiveWallPaper\Debug_OpenGL\loader.obj
E:\XProject\LiveWallPaper\project\LiveWallPaper\Debug_OpenGL\main.obj
E:\XProject\LiveWallPaper\project\LiveWallPaper\Debug_OpenGL\mat3.obj
E:\XProject\LiveWallPaper\project\LiveWallPaper\Debug_OpenGL\mat4.obj
E:\XProject\LiveWallPaper\project\LiveWallPaper\Debug_OpenGL\mat4stack.obj
E:\XProject\LiveWallPaper\project\LiveWallPaper\Debug_OpenGL\matrix.obj
E:\XProject\LiveWallPaper\project\LiveWallPaper\Debug_OpenGL\neon_matrix_impl.obj
E:\XProject\LiveWallPaper\project\LiveWallPaper\Debug_OpenGL\plane.obj
E:\XProject\LiveWallPaper\project\LiveWallPaper\Debug_OpenGL\ProcessBufferHeap.obj
E:\XProject\LiveWallPaper\project\LiveWallPaper\Debug_OpenGL\quaternion.obj
E:\XProject\LiveWallPaper\project\LiveWallPaper\Debug_OpenGL\ray2.obj
E:\XProject\LiveWallPaper\project\LiveWallPaper\Debug_OpenGL\ray3.obj
E:\XProject\LiveWallPaper\project\LiveWallPaper\Debug_OpenGL\ScopedProcessArray.obj
E:\XProject\LiveWallPaper\project\LiveWallPaper\Debug_OpenGL\shader.obj
E:\XProject\LiveWallPaper\project\LiveWallPaper\Debug_OpenGL\ShaderParamterDef.obj
E:\XProject\LiveWallPaper\project\LiveWallPaper\Debug_OpenGL\swap.obj
E:\XProject\LiveWallPaper\project\LiveWallPaper\Debug_OpenGL\texture2d.obj
E:\XProject\LiveWallPaper\project\LiveWallPaper\Debug_OpenGL\utility.obj
E:\XProject\LiveWallPaper\project\LiveWallPaper\Debug_OpenGL\vec2.obj
E:\XProject\LiveWallPaper\project\LiveWallPaper\Debug_OpenGL\vec3.obj
E:\XProject\LiveWallPaper\project\LiveWallPaper\Debug_OpenGL\vec4.obj
E:\XProject\LiveWallPaper\project\LiveWallPaper\Debug_OpenGL\water.obj
E:\XProject\LiveWallPaper\project\LiveWallPaper\Debug_OpenGL\writer.obj
E:\XProject\LiveWallPaper\project\LiveWallPaper\Debug_OpenGL\cl.command.1.tlog
E:\XProject\LiveWallPaper\project\LiveWallPaper\Debug_OpenGL\CL.read.1.tlog
E:\XProject\LiveWallPaper\project\LiveWallPaper\Debug_OpenGL\CL.write.1.tlog
E:\XProject\LiveWallPaper\project\LiveWallPaper\Debug_OpenGL\link-cvtres.read.1.tlog
E:\XProject\LiveWallPaper\project\LiveWallPaper\Debug_OpenGL\link-cvtres.write.1.tlog
E:\XProject\LiveWallPaper\project\LiveWallPaper\Debug_OpenGL\link-rc.read.1.tlog
E:\XProject\LiveWallPaper\project\LiveWallPaper\Debug_OpenGL\link-rc.write.1.tlog
E:\XProject\LiveWallPaper\project\LiveWallPaper\Debug_OpenGL\link.10540-cvtres.read.1.tlog
E:\XProject\LiveWallPaper\project\LiveWallPaper\Debug_OpenGL\link.10540-cvtres.write.1.tlog
E:\XProject\LiveWallPaper\project\LiveWallPaper\Debug_OpenGL\link.10540-rc.read.1.tlog
E:\XProject\LiveWallPaper\project\LiveWallPaper\Debug_OpenGL\link.10540-rc.write.1.tlog
E:\XProject\LiveWallPaper\project\LiveWallPaper\Debug_OpenGL\link.10540.read.1.tlog
E:\XProject\LiveWallPaper\project\LiveWallPaper\Debug_OpenGL\link.10540.write.1.tlog
E:\XProject\LiveWallPaper\project\LiveWallPaper\Debug_OpenGL\link.11524-cvtres.read.1.tlog
E:\XProject\LiveWallPaper\project\LiveWallPaper\Debug_OpenGL\link.11524-cvtres.write.1.tlog
E:\XProject\LiveWallPaper\project\LiveWallPaper\Debug_OpenGL\link.11524-rc.read.1.tlog
E:\XProject\LiveWallPaper\project\LiveWallPaper\Debug_OpenGL\link.11524-rc.write.1.tlog
E:\XProject\LiveWallPaper\project\LiveWallPaper\Debug_OpenGL\link.11524.read.1.tlog
E:\XProject\LiveWallPaper\project\LiveWallPaper\Debug_OpenGL\link.11524.write.1.tlog
E:\XProject\LiveWallPaper\project\LiveWallPaper\Debug_OpenGL\link.11532-cvtres.read.1.tlog
E:\XProject\LiveWallPaper\project\LiveWallPaper\Debug_OpenGL\link.11532-cvtres.write.1.tlog
E:\XProject\LiveWallPaper\project\LiveWallPaper\Debug_OpenGL\link.11532-rc.read.1.tlog
E:\XProject\LiveWallPaper\project\LiveWallPaper\Debug_OpenGL\link.11532-rc.write.1.tlog
E:\XProject\LiveWallPaper\project\LiveWallPaper\Debug_OpenGL\link.11532.read.1.tlog
E:\XProject\LiveWallPaper\project\LiveWallPaper\Debug_OpenGL\link.11532.write.1.tlog
E:\XProject\LiveWallPaper\project\LiveWallPaper\Debug_OpenGL\link.3064-cvtres.read.1.tlog
E:\XProject\LiveWallPaper\project\LiveWallPaper\Debug_OpenGL\link.3064-cvtres.write.1.tlog
E:\XProject\LiveWallPaper\project\LiveWallPaper\Debug_OpenGL\link.3064-rc.read.1.tlog
E:\XProject\LiveWallPaper\project\LiveWallPaper\Debug_OpenGL\link.3064-rc.write.1.tlog
E:\XProject\LiveWallPaper\project\LiveWallPaper\Debug_OpenGL\link.3064.read.1.tlog
E:\XProject\LiveWallPaper\project\LiveWallPaper\Debug_OpenGL\link.3064.write.1.tlog
E:\XProject\LiveWallPaper\project\LiveWallPaper\Debug_OpenGL\link.4304-cvtres.read.1.tlog
E:\XProject\LiveWallPaper\project\LiveWallPaper\Debug_OpenGL\link.4304-cvtres.write.1.tlog
E:\XProject\LiveWallPaper\project\LiveWallPaper\Debug_OpenGL\link.4304-rc.read.1.tlog
E:\XProject\LiveWallPaper\project\LiveWallPaper\Debug_OpenGL\link.4304-rc.write.1.tlog
E:\XProject\LiveWallPaper\project\LiveWallPaper\Debug_OpenGL\link.4304.read.1.tlog
E:\XProject\LiveWallPaper\project\LiveWallPaper\Debug_OpenGL\link.4304.write.1.tlog
E:\XProject\LiveWallPaper\project\LiveWallPaper\Debug_OpenGL\link.6440-cvtres.read.1.tlog
E:\XProject\LiveWallPaper\project\LiveWallPaper\Debug_OpenGL\link.6440-cvtres.write.1.tlog
E:\XProject\LiveWallPaper\project\LiveWallPaper\Debug_OpenGL\link.6440-rc.read.1.tlog
E:\XProject\LiveWallPaper\project\LiveWallPaper\Debug_OpenGL\link.6440-rc.write.1.tlog
E:\XProject\LiveWallPaper\project\LiveWallPaper\Debug_OpenGL\link.6440.read.1.tlog
E:\XProject\LiveWallPaper\project\LiveWallPaper\Debug_OpenGL\link.6440.write.1.tlog
E:\XProject\LiveWallPaper\project\LiveWallPaper\Debug_OpenGL\link.6648-cvtres.read.1.tlog
E:\XProject\LiveWallPaper\project\LiveWallPaper\Debug_OpenGL\link.6648-cvtres.write.1.tlog
E:\XProject\LiveWallPaper\project\LiveWallPaper\Debug_OpenGL\link.6648-rc.read.1.tlog
E:\XProject\LiveWallPaper\project\LiveWallPaper\Debug_OpenGL\link.6648-rc.write.1.tlog
E:\XProject\LiveWallPaper\project\LiveWallPaper\Debug_OpenGL\link.6648.read.1.tlog
E:\XProject\LiveWallPaper\project\LiveWallPaper\Debug_OpenGL\link.6648.write.1.tlog
E:\XProject\LiveWallPaper\project\LiveWallPaper\Debug_OpenGL\link.7748-cvtres.read.1.tlog
E:\XProject\LiveWallPaper\project\LiveWallPaper\Debug_OpenGL\link.7748-cvtres.write.1.tlog
E:\XProject\LiveWallPaper\project\LiveWallPaper\Debug_OpenGL\link.7748-rc.read.1.tlog
E:\XProject\LiveWallPaper\project\LiveWallPaper\Debug_OpenGL\link.7748-rc.write.1.tlog
E:\XProject\LiveWallPaper\project\LiveWallPaper\Debug_OpenGL\link.7748.read.1.tlog
E:\XProject\LiveWallPaper\project\LiveWallPaper\Debug_OpenGL\link.7748.write.1.tlog
E:\XProject\LiveWallPaper\project\LiveWallPaper\Debug_OpenGL\link.7988-cvtres.read.1.tlog
E:\XProject\LiveWallPaper\project\LiveWallPaper\Debug_OpenGL\link.7988-cvtres.write.1.tlog
E:\XProject\LiveWallPaper\project\LiveWallPaper\Debug_OpenGL\link.7988-rc.read.1.tlog
E:\XProject\LiveWallPaper\project\LiveWallPaper\Debug_OpenGL\link.7988-rc.write.1.tlog
E:\XProject\LiveWallPaper\project\LiveWallPaper\Debug_OpenGL\link.7988.read.1.tlog
E:\XProject\LiveWallPaper\project\LiveWallPaper\Debug_OpenGL\link.7988.write.1.tlog
E:\XProject\LiveWallPaper\project\LiveWallPaper\Debug_OpenGL\link.8772-cvtres.read.1.tlog
E:\XProject\LiveWallPaper\project\LiveWallPaper\Debug_OpenGL\link.8772-cvtres.write.1.tlog
E:\XProject\LiveWallPaper\project\LiveWallPaper\Debug_OpenGL\link.8772-rc.read.1.tlog
E:\XProject\LiveWallPaper\project\LiveWallPaper\Debug_OpenGL\link.8772-rc.write.1.tlog
E:\XProject\LiveWallPaper\project\LiveWallPaper\Debug_OpenGL\link.8772.read.1.tlog
E:\XProject\LiveWallPaper\project\LiveWallPaper\Debug_OpenGL\link.8772.write.1.tlog
E:\XProject\LiveWallPaper\project\LiveWallPaper\Debug_OpenGL\link.8888-cvtres.read.1.tlog
E:\XProject\LiveWallPaper\project\LiveWallPaper\Debug_OpenGL\link.8888-cvtres.write.1.tlog
E:\XProject\LiveWallPaper\project\LiveWallPaper\Debug_OpenGL\link.8888-rc.read.1.tlog
E:\XProject\LiveWallPaper\project\LiveWallPaper\Debug_OpenGL\link.8888-rc.write.1.tlog
E:\XProject\LiveWallPaper\project\LiveWallPaper\Debug_OpenGL\link.8888.read.1.tlog
E:\XProject\LiveWallPaper\project\LiveWallPaper\Debug_OpenGL\link.8888.write.1.tlog
E:\XProject\LiveWallPaper\project\LiveWallPaper\Debug_OpenGL\link.9156-cvtres.read.1.tlog
E:\XProject\LiveWallPaper\project\LiveWallPaper\Debug_OpenGL\link.9156-cvtres.write.1.tlog
E:\XProject\LiveWallPaper\project\LiveWallPaper\Debug_OpenGL\link.9156-rc.read.1.tlog
E:\XProject\LiveWallPaper\project\LiveWallPaper\Debug_OpenGL\link.9156-rc.write.1.tlog
E:\XProject\LiveWallPaper\project\LiveWallPaper\Debug_OpenGL\link.9156.read.1.tlog
E:\XProject\LiveWallPaper\project\LiveWallPaper\Debug_OpenGL\link.9156.write.1.tlog
E:\XProject\LiveWallPaper\project\LiveWallPaper\Debug_OpenGL\link.command.1.tlog
E:\XProject\LiveWallPaper\project\LiveWallPaper\Debug_OpenGL\link.read.1.tlog
E:\XProject\LiveWallPaper\project\LiveWallPaper\Debug_OpenGL\link.write.1.tlog
E:\XProject\LiveWallPaper\project\LiveWallPaper\Debug_OpenGL\vc110.idb
E:\XProject\LiveWallPaper\project\LiveWallPaper\Debug_OpenGL\LiveWallPaper.pdb
E:\XProject\LiveWallPaper\project\LiveWallPaper\Debug_OpenGL\vc110.pdb
